2023-04-16 07:17:46 [Debug] path: /favicon.ico 
2023-04-16 07:18:41 [Debug] path: /Admin/Login 
2023-04-16 07:19:17 [Debug] path: /Admin/Login 
2023-04-16 07:19:21 [Debug] path: /Admin/Login 
2023-04-16 07:48:18 [Debug] path: /Admin/Login
2023-04-16 07:50:28 [Debug] path: /Admin/Login
2023-04-16 07:51:26 [Debug] path: /Admin/AddUser
2023-04-16 08:14:28 [Debug] path: /Job/Login
2023-04-18 06:30:46 [Debug] path: /
2023-04-18 06:30:56 [Debug] path: /
2023-04-18 06:30:58 [Debug] path: /
2023-04-18 06:32:03 [Debug] path: /
2023-04-18 06:32:14 [Debug] path: /
2023-04-18 06:32:51 [Debug] path: /
2023-04-18 06:33:12 [Debug] path: /
2023-04-18 06:33:19 [Debug] path: /
2023-04-18 06:33:46 [Debug] path: /
2023-04-18 06:34:20 [Debug] path: /favicon.ico
2023-04-18 06:46:27 [Debug] path: /favicon.ico
2023-04-18 06:57:19 [Debug] path: /favicon.ico
2023-04-18 06:57:38 [Debug] path: /Data/job.json
2023-04-18 06:57:50 [Debug] path: /favicon.ico
2023-04-18 06:58:51 [Debug] path: /Data/job.json
2023-04-18 06:59:49 [Debug] path: /Data/job.json
2023-04-18 07:00:18 [Debug] path: /Data/job
2023-04-18 07:06:00 [Debug] path: /Data/job.json
2023-04-18 07:40:30 [Debug] path: /favicon.ico
2023-04-18 07:57:55 [Debug] path: /favicon.ico
2023-04-18 07:58:07 [Debug] path: /favicon.ico
2023-04-18 08:01:30 [Debug] path: /favicon.ico
2023-04-18 08:02:38 [Debug] path: /Job/Login
2023-04-18 08:04:24 [Debug] path: /joblogin
2023-04-18 08:37:12 [Debug] path: /favicon.ico
2023-04-18 08:43:12 [Debug] path: /JobController
2023-04-18 08:43:18 [Debug] path: /JobController
2023-04-18 08:43:19 [Debug] path: /JobController
2023-04-18 10:04:13 [Debug] path: /favicon.ico
2023-04-18 10:04:16 [Debug] path: /Job
2023-04-18 10:04:43 [Debug] path: /favicon.ico
2023-04-18 10:05:43 [Debug] path: /JobLogin
2023-04-18 10:06:14 [Debug] path: /Job+login
2023-04-18 10:06:52 [Debug] path: /Job
2023-04-18 10:08:27 [Debug] path: /Job
2023-04-18 10:08:34 [Debug] path: /Job
2023-04-18 10:09:37 [Debug] path: /job
2023-04-19 12:39:35 [Debug] path: /favicon.ico
2023-04-19 12:40:12 [Debug] path: /favicon.ico
2023-04-19 12:41:39 [Debug] path: /Job/Login
2023-04-19 12:43:19 [Debug] path: /Job/Login
2023-04-19 12:44:14 [Debug] path: /Job/Login
2023-04-19 12:45:32 [Debug] path: /Job/Login
2023-04-19 12:45:41 [Debug] path: /Job/Login
2023-04-19 12:46:35 [Debug] path: /Job/Login
2023-04-19 12:47:42 [Debug] path: /Job/Login
2023-04-19 12:50:38 [Debug] path: /Job/Login
2023-04-19 12:53:00 [Debug] path: /Job/Login
2023-04-19 12:53:33 [Debug] path: /Job/Login
2023-04-19 12:55:11 [Debug] path: /Job/Login
2023-04-19 02:32:32 [Debug] path: /favicon.ico
2023-04-19 02:33:05 [Debug] path: /Job/Login
2023-04-19 02:45:41 [Debug] path: /favicon.ico
2023-04-19 02:50:42 [Debug] path: /Job/Login
2023-04-19 02:57:40 [Debug] path: /Job/Login
2023-04-19 03:00:35 [Debug] path: /Job/Login
2023-04-19 03:01:22 [Debug] path: /Job/Login
2023-04-19 03:02:26 [Debug] path: /Job/Login
2023-04-19 03:02:47 [Debug] path: /Job/Login
2023-04-19 03:02:58 [Debug] path: /Job/Login
2023-04-19 03:03:20 [Debug] path: /Job/Login
2023-04-19 03:03:56 [Debug] path: /Job/Login
2023-04-19 03:04:05 [Debug] path: /Job/Login
2023-04-19 03:04:35 [Debug] path: /Job/Login
2023-04-19 03:04:51 [Debug] path: /Job/Login
2023-04-19 03:05:03 [Debug] path: /Job/Login
2023-04-19 03:05:19 [Debug] path: /Job/Login
2023-04-19 03:05:33 [Debug] path: /Job/Login
2023-04-19 03:05:46 [Debug] path: /Job/Login
2023-04-19 03:07:10 [Debug] path: /Job/Login
2023-04-19 03:27:41 [Debug] path: /Admin/Login
2023-04-19 03:29:02 [Debug] path: /Admin/Login
2023-04-19 03:29:55 [Debug] path: /Admin/Login
2023-04-19 03:30:20 [Debug] path: /Admin/Login
2023-04-19 03:31:03 [Debug] path: /Admin/Login
2023-04-19 03:32:15 [Debug] path: /Admin/Login
2023-04-19 03:32:29 [Debug] path: /Admin/Login
2023-04-19 03:40:35 [Debug] path: /Admin/Login
2023-04-19 03:41:14 [Debug] path: /Admin/Login
2023-04-19 03:41:25 [Debug] path: /Admin/Login
2023-04-19 03:54:10 [Debug] path: /Admin/Login
2023-04-19 03:55:48 [Debug] path: /Admin/Login
2023-04-19 03:56:38 [Debug] path: /Admin/Login
2023-04-19 03:58:42 [Debug] path: /Admin/Login
2023-04-19 03:59:28 [Debug] path: /Admin/Login
2023-04-19 04:01:07 [Debug] path: /Admin/Login
2023-04-19 04:01:35 [Debug] path: /Admin/Login
2023-04-19 04:01:58 [Debug] path: /Admin/Login
2023-04-19 04:04:05 [Debug] path: /Admin/Login
2023-04-19 04:31:31 [Debug] path: /favicon.ico
2023-04-19 04:31:43 [Debug] path: /Admin/Login
2023-04-19 04:31:48 [Debug] path: /html/css/site.css
2023-04-19 04:31:48 [Debug] path: /html/js/site.js
2023-04-19 04:34:37 [Debug] path: /html/css/site.css
2023-04-19 04:34:37 [Debug] path: /html/js/site.js
2023-04-19 04:35:17 [Debug] path: /html/css/site.css
2023-04-19 04:35:17 [Debug] path: /html/js/site.js
2023-04-19 04:36:31 [Debug] path: /html/css/site.css
2023-04-19 04:36:31 [Debug] path: /html/js/site.js
2023-04-19 04:36:47 [Debug] path: /html/js/site.js
2023-04-19 04:38:56 [Debug] path: /Admin/Login
2023-04-19 04:39:05 [Debug] path: /html/css/site.css
2023-04-19 04:41:57 [Debug] path: /Admin/Login
2023-04-19 04:42:04 [Debug] path: /html/css/site.css
2023-04-19 04:54:59 [Debug] path: /html/css/site.css
2023-04-19 04:56:06 [Debug] path: /html/css/site.css
2023-04-19 04:56:10 [Debug] path: /html/css/site.css
2023-04-19 04:56:59 [Debug] path: /html/css/site.css
2023-04-19 04:57:25 [Debug] path: /Admin/Login
2023-04-19 04:57:30 [Debug] path: /html/css/site.css
2023-04-19 04:58:29 [Debug] path: /Admin/Login
2023-04-19 04:59:33 [Debug] path: /Admin/Login
2023-04-19 05:00:44 [Debug] path: /favicon.ico
2023-04-19 05:00:46 [Debug] path: /favicon.ico
2023-04-19 05:00:52 [Debug] path: /favicon.ico
2023-04-19 05:00:53 [Debug] path: /favicon.ico
2023-04-19 05:00:53 [Debug] path: /favicon.ico
2023-04-19 05:02:00 [Debug] path: /JobGet
2023-04-19 05:02:17 [Debug] path: /JobGet
2023-04-19 05:03:49 [Debug] path: /JobGet
2023-04-19 05:08:51 [Debug] path: /JobGet
2023-04-19 05:12:12 [Debug] path: /Admin/Login
2023-04-19 05:13:11 [Debug] path: /favicon.ico
2023-04-19 05:13:34 [Debug] path: /Admin/Login
2023-04-19 05:15:56 [Debug] path: /Admin/Login
2023-04-19 05:16:53 [Debug] path: /Admin/Login
2023-04-19 05:17:51 [Debug] path: /Admin/Login
2023-04-19 05:24:43 [Debug] path: /Admin/Login
2023-04-19 05:26:20 [Debug] path: /Admin/Login
2023-04-19 05:28:10 [Debug] path: /Admin/Login
2023-04-19 05:32:20 [Debug] path: /Admin/Login
2023-04-19 05:35:19 [Debug] path: /Admin/Login
2023-04-19 05:37:24 [Debug] path: /Admin/Login
2023-04-19 05:41:23 [Debug] path: /Admin/Login
2023-04-19 05:43:20 [Debug] path: /Admin/Login
2023-04-19 05:53:32 [Debug] path: /Admin/Login
2023-04-19 05:55:49 [Debug] path: /Admin/Login
2023-04-19 06:05:18 [Debug] path: /favicon.ico
2023-04-19 06:05:36 [Debug] path: /Admin/Login
2023-04-25 09:10:11 [Debug] path: /favicon.ico
2023-04-25 09:10:23 [Debug] path: /Admin/Login
2023-04-25 09:12:20 [Debug] path: /Admin/Login
2023-04-25 09:13:02 [Debug] path: /favicon.ico
2023-04-25 09:20:19 [Debug] path: /favicon.ico
2023-04-25 09:20:28 [Debug] path: /Admin/Login
2023-04-25 09:21:12 [Debug] path: /Admin/Login
2023-04-25 09:26:52 [Debug] path: /Admin/Login
2023-04-25 09:27:27 [Debug] path: /Admin/Login
2023-04-25 09:27:54 [Debug] path: /Admin/Login
2023-04-25 09:28:38 [Debug] path: /Admin/Login
2023-04-25 09:29:27 [Debug] path: /Admin/Login
2023-04-25 09:30:06 [Debug] path: /Admin/Login
2023-04-25 09:46:06 [Debug] path: /Admin/Login
2023-04-25 09:47:22 [Debug] path: /Admin/Login
2023-04-25 09:48:08 [Debug] path: /Admin/Login
2023-04-25 09:51:05 [Debug] path: /Admin/Login
2023-04-25 09:53:14 [Debug] path: /Admin/Login
2023-04-25 09:53:50 [Debug] path: /Admin/Login
2023-04-25 09:56:53 [Debug] path: /Admin/Login
2023-04-25 09:57:38 [Debug] path: /favicon.ico
2023-04-25 09:57:58 [Debug] path: /Admin/Login
2023-04-25 09:59:22 [Debug] path: /Admin/Login
2023-04-25 10:01:29 [Debug] path: /Admin/Login
2023-04-26 03:25:39 [Debug] path: /favicon.ico
2023-04-26 03:25:59 [Debug] path: /Admin/Login
2023-04-26 03:36:52 [Debug] path: /Admin/Login
2023-04-26 03:39:24 [Debug] path: /favicon.ico
2023-04-26 03:39:36 [Debug] path: /Admin/Login
2023-04-26 03:41:47 [Debug] path: /favicon.ico
2023-04-26 03:42:03 [Debug] path: /Admin/Login
2023-04-26 03:45:09 [Debug] path: /Admin/Login
2023-04-26 03:50:54 [Debug] path: /Admin/Login
2023-04-26 03:52:24 [Debug] path: /Admin/Login
2023-04-26 03:52:32 [Debug] path: /Job
2023-04-27 07:30:49 [Debug] path: /favicon.ico
2023-04-27 07:31:00 [Debug] path: /Admin/Login
2023-04-27 07:31:06 [Debug] path: /Job
2023-04-27 07:31:27 [Debug] path: /Job
2023-04-27 07:31:53 [Debug] path: /Job
2023-04-27 07:33:28 [Debug] path: /Job
2023-04-27 07:34:00 [Debug] path: /Admin/Login
2023-04-27 07:34:06 [Debug] path: /Job
2023-04-27 07:34:30 [Debug] path: /Job
2023-04-27 07:35:42 [Debug] path: /Job
2023-04-27 07:35:42 [Debug] path: /favicon.ico
2023-04-27 07:35:59 [Debug] path: /Job
2023-04-27 07:36:25 [Debug] path: /Job
2023-04-27 07:36:25 [Debug] path: /favicon.ico
2023-04-27 07:37:13 [Debug] path: /Admin/Login
2023-04-27 07:37:18 [Debug] path: /Job
2023-04-27 07:37:31 [Debug] path: /Job/3
2023-04-27 07:37:33 [Debug] path: /Job
2023-04-27 07:37:52 [Debug] path: /Job
2023-04-27 07:38:03 [Debug] path: /Job
2023-04-27 07:38:09 [Debug] path: /Job
2023-04-27 07:38:18 [Debug] path: /Job
2023-04-27 07:40:20 [Debug] path: /Admin/Login
2023-04-27 07:40:51 [Debug] path: /Job
2023-04-27 07:41:33 [Debug] path: /Job
2023-04-27 07:41:53 [Debug] path: /Job/5
2023-04-27 07:42:30 [Debug] path: /Job/%7Bid%7D
2023-04-27 07:43:05 [Debug] path: /Job/5
2023-04-27 07:44:01 [Debug] path: /Admin/Login
2023-04-27 07:44:28 [Debug] path: /Job
2023-04-27 07:44:52 [Debug] path: /Job/5
2023-04-27 07:46:57 [Debug] path: /Job
2023-04-27 07:56:11 [Debug] path: /Admin/Login
2023-04-27 07:56:47 [Debug] path: /Job/5
2023-04-27 07:59:01 [Debug] path: /Job
2023-04-27 08:00:13 [Debug] path: /Admin/Login
2023-04-27 08:00:48 [Debug] path: /Job
2023-04-27 08:02:14 [Debug] path: /Job
2023-04-27 08:02:16 [Debug] path: /Job
2023-04-27 08:06:18 [Debug] path: /Admin/Login
2023-04-27 08:06:53 [Debug] path: /Job/%7Bid%7D
2023-04-27 08:07:48 [Debug] path: /Job
2023-04-27 08:09:58 [Debug] path: /Admin/Login
2023-04-27 08:10:20 [Debug] path: /Job
2023-04-27 08:10:38 [Debug] path: /Job/%7Bid%7D
2023-04-27 08:14:08 [Debug] path: /Admin/Login
2023-04-27 08:14:27 [Debug] path: /Job
2023-04-27 08:14:42 [Debug] path: /Job/%7Bid%7D
2023-04-27 08:17:13 [Debug] path: /Admin/Login
2023-04-27 08:20:10 [Debug] path: /Admin/Login
2023-04-27 08:20:48 [Debug] path: /Job/%7Bid%7D
2023-04-27 08:23:08 [Debug] path: /Admin/Login
2023-04-27 08:45:17 [Debug] path: /favicon.ico
2023-04-27 08:46:14 [Debug] path: /Admin/Login
2023-04-27 08:47:45 [Debug] path: /Admin/Login
2023-04-27 08:48:06 [Debug] path: /Job
2023-04-27 08:48:25 [Debug] path: /Job/%7Bid%7D
2023-05-09 12:33:51 [Debug] path: /favicon.ico
2023-05-09 12:34:00 [Debug] path: /User/Login
2023-05-09 12:34:05 [Debug] path: /Task
2023-05-09 12:34:38 [Debug] path: /favicon.ico
2023-05-09 12:35:45 [Debug] path: /User/Login
2023-05-09 12:38:54 [Debug] path: /User/Login
2023-05-09 12:40:03 [Debug] path: /Task
2023-05-09 12:40:51 [Debug] path: /Task
2023-05-09 12:41:17 [Debug] path: /Task/7
2023-05-09 12:42:56 [Debug] path: /Task/%7Bid%7D
2023-05-09 12:43:14 [Debug] path: /Task/7
2023-05-09 12:43:31 [Debug] path: /Task
2023-05-09 12:50:11 [Debug] path: /favicon.ico
2023-05-09 12:50:21 [Debug] path: /User/Login
2023-05-09 12:50:27 [Debug] path: /Task
2023-05-09 12:50:39 [Debug] path: /Task/6
2023-05-09 12:50:42 [Debug] path: /Task
2023-05-09 12:51:07 [Debug] path: /Task/6
2023-05-09 12:51:09 [Debug] path: /Task
2023-05-09 01:02:48 [Debug] path: /Task/3
2023-05-09 01:02:49 [Debug] path: /Task
2023-05-09 01:03:20 [Debug] path: /Task/3
2023-05-09 01:03:22 [Debug] path: /Task
2023-05-09 01:03:27 [Debug] path: /Task
2023-05-09 01:03:32 [Debug] path: /Task
2023-05-09 01:03:38 [Debug] path: /Task
2023-05-09 01:04:02 [Debug] path: /User/Login
2023-05-09 01:04:30 [Debug] path: /Task
2023-05-09 01:05:28 [Debug] path: /Task
2023-05-09 01:05:40 [Debug] path: /Task/7
2023-05-09 01:06:03 [Debug] path: /Task/%7Bid%7D
2023-05-09 01:06:28 [Debug] path: /Task/7
2023-05-09 01:06:40 [Debug] path: /Task
2023-05-09 01:08:03 [Debug] path: /favicon.ico
2023-05-09 01:08:18 [Debug] path: /User/Login
2023-05-09 01:08:23 [Debug] path: /User/Login
2023-05-09 01:08:25 [Debug] path: /User/Login
2023-05-09 01:08:26 [Debug] path: /User/Login
2023-05-09 01:08:37 [Debug] path: /User/Login
2023-05-09 01:08:38 [Debug] path: /User/Login
2023-05-09 01:08:38 [Debug] path: /User/Login
2023-05-09 01:08:39 [Debug] path: /User/Login
2023-05-09 01:08:39 [Debug] path: /User/Login
2023-05-09 01:08:39 [Debug] path: /User/Login
2023-05-09 01:08:40 [Debug] path: /User/Login
2023-05-09 01:08:40 [Debug] path: /User/Login
2023-05-09 01:08:40 [Debug] path: /User/Login
2023-05-09 01:08:41 [Debug] path: /User/Login
2023-05-09 01:09:40 [Debug] path: /User/Login
2023-05-09 01:09:45 [Debug] path: /Task
2023-05-09 01:09:59 [Debug] path: /Task/3
2023-05-09 01:10:01 [Debug] path: /Task
2023-05-09 01:10:11 [Debug] path: /Task
2023-05-09 01:10:12 [Debug] path: /Task
2023-05-09 01:11:01 [Debug] path: /Task/3
2023-05-09 01:11:03 [Debug] path: /Task
2023-05-09 01:11:15 [Debug] path: /Task/3
2023-05-09 01:11:16 [Debug] path: /Task
2023-05-09 01:28:27 [Debug] path: /User/Login
2023-05-09 01:28:28 [Debug] path: /User/Login
2023-05-09 01:28:35 [Debug] path: /User/Login
2023-05-09 01:28:36 [Debug] path: /User/Login
2023-05-09 01:28:36 [Debug] path: /User/Login
2023-05-09 01:28:37 [Debug] path: /User/Login
2023-05-09 01:28:37 [Debug] path: /User/Login
2023-05-09 01:28:37 [Debug] path: /User/Login
2023-05-09 01:29:19 [Debug] path: /User/Login
2023-05-09 01:29:22 [Debug] path: /Task
2023-05-09 01:29:32 [Debug] path: /Task/3
2023-05-09 01:29:33 [Debug] path: /Task
2023-05-09 01:29:39 [Debug] path: /Task
2023-05-09 01:29:40 [Debug] path: /Task
2023-05-09 01:29:50 [Debug] path: /Task/8
2023-05-09 01:29:52 [Debug] path: /Task
2023-05-09 01:30:52 [Debug] path: /Task/8
2023-05-09 01:30:53 [Debug] path: /Task
2023-05-09 01:31:00 [Debug] path: /Task/8
2023-05-09 01:31:02 [Debug] path: /Task
2023-05-09 01:31:10 [Debug] path: /Task
2023-05-09 01:33:15 [Debug] path: /Task
2023-05-09 01:33:25 [Debug] path: /Task
2023-05-09 01:33:25 [Debug] path: /favicon.ico
2023-05-09 01:33:30 [Debug] path: /Task/7
2023-05-09 01:33:31 [Debug] path: /Task
2023-05-09 01:33:39 [Debug] path: /Task/6
2023-05-09 01:33:41 [Debug] path: /Task
2023-05-09 01:33:49 [Debug] path: /Task/8
2023-05-09 01:33:50 [Debug] path: /Task
2023-05-09 01:35:25 [Debug] path: /favicon.ico
2023-05-09 01:35:32 [Debug] path: /Task
2023-05-09 01:35:43 [Debug] path: /Task/6
2023-05-09 01:37:21 [Debug] path: /Task
2023-05-09 01:37:29 [Debug] path: /Task/6
2023-05-09 02:04:29 [Debug] path: /User/Login
2023-05-09 02:04:32 [Debug] path: /html/display.html
2023-05-09 02:04:36 [Debug] path: /html/display.html
2023-05-09 02:04:37 [Debug] path: /html/display.html
2023-05-09 02:04:37 [Debug] path: /html/display.html
2023-05-09 02:14:48 [Debug] path: /html/display.html
2023-05-09 02:15:13 [Debug] path: /User/Login
2023-05-09 02:16:55 [Debug] path: /User/Login
2023-05-09 02:17:25 [Debug] path: /User/Login
2023-05-09 02:19:21 [Debug] path: /User/Login
2023-05-09 02:19:34 [Debug] path: /User/Login
2023-05-09 02:21:52 [Debug] path: /favicon.ico
2023-05-09 02:21:53 [Debug] path: /favicon.ico
2023-05-09 02:21:53 [Debug] path: /favicon.ico
2023-05-09 02:21:53 [Debug] path: /favicon.ico
2023-05-09 02:22:03 [Debug] path: /User/Login
2023-05-09 02:22:11 [Debug] path: /User/Login
2023-05-09 02:22:46 [Debug] path: /favicon.ico
2023-05-09 02:22:47 [Debug] path: /favicon.ico
2023-05-09 02:23:06 [Debug] path: /User/Login
2023-05-09 02:23:31 [Debug] path: /User/Login
2023-05-09 02:25:33 [Debug] path: /User/Login
2023-05-09 02:32:43 [Debug] path: /favicon.ico
2023-05-09 02:33:16 [Debug] path: /User/Login
2023-05-09 02:33:20 [Debug] path: /html/display.html
2023-05-09 02:33:32 [Debug] path: /html/display.html
2023-05-09 02:33:32 [Debug] path: /html/display.html
2023-05-09 02:33:33 [Debug] path: /html/display.html
2023-05-09 02:33:33 [Debug] path: /html/display.html
2023-05-09 02:33:33 [Debug] path: /html/display.html
2023-05-09 02:33:35 [Debug] path: /favicon.ico
2023-05-09 02:33:37 [Debug] path: /favicon.ico
2023-05-09 02:33:38 [Debug] path: /favicon.ico
2023-05-09 02:33:38 [Debug] path: /favicon.ico
2023-05-09 02:33:40 [Debug] path: /favicon.ico
2023-05-09 02:33:40 [Debug] path: /favicon.ico
2023-05-09 02:33:40 [Debug] path: /favicon.ico
2023-05-09 02:33:40 [Debug] path: /favicon.ico
2023-05-09 02:33:41 [Debug] path: /favicon.ico
2023-05-09 02:33:41 [Debug] path: /favicon.ico
2023-05-09 02:33:41 [Debug] path: /favicon.ico
2023-05-09 02:33:41 [Debug] path: /favicon.ico
2023-05-09 02:33:41 [Debug] path: /favicon.ico
2023-05-09 02:35:42 [Debug] path: /User/Login
2023-05-09 02:35:48 [Debug] path: /User/Login
2023-05-09 02:35:58 [Debug] path: /User/Login
2023-05-09 02:37:11 [Debug] path: /User/Login
2023-05-09 02:37:52 [Debug] path: /User/Login
2023-05-09 02:40:41 [Debug] path: /favicon.ico
2023-05-09 02:43:19 [Debug] path: /User/Login
2023-05-09 02:43:50 [Debug] path: /User/Login
2023-05-09 02:43:54 [Debug] path: /js/site.js
2023-05-09 02:44:26 [Debug] path: /js/site.js
2023-05-09 02:44:27 [Debug] path: /favicon.ico
2023-05-09 02:44:30 [Debug] path: /js/site.js
2023-05-09 02:44:30 [Debug] path: /favicon.ico
2023-05-09 02:44:31 [Debug] path: /js/site.js
2023-05-09 02:44:31 [Debug] path: /favicon.ico
2023-05-09 02:44:31 [Debug] path: /js/site.js
2023-05-09 02:44:31 [Debug] path: /favicon.ico
2023-05-09 02:44:31 [Debug] path: /js/site.js
2023-05-09 02:44:31 [Debug] path: /favicon.ico
2023-05-09 02:44:31 [Debug] path: /js/site.js
2023-05-09 02:44:31 [Debug] path: /favicon.ico
2023-05-09 02:44:32 [Debug] path: /js/site.js
2023-05-09 02:44:32 [Debug] path: /favicon.ico
2023-05-09 02:44:32 [Debug] path: /js/site.js
2023-05-09 02:44:32 [Debug] path: /favicon.ico
2023-05-09 02:44:32 [Debug] path: /js/site.js
2023-05-09 02:44:32 [Debug] path: /favicon.ico
2023-05-09 02:45:43 [Debug] path: /js/site.js
2023-05-09 02:45:49 [Debug] path: /js/site.js
2023-05-09 02:46:03 [Debug] path: /User/Login
2023-05-09 02:46:07 [Debug] path: /js/site.js
2023-05-09 02:47:00 [Debug] path: /js/site.js
2023-05-09 02:47:00 [Debug] path: /favicon.ico
2023-05-09 02:47:00 [Debug] path: /js/site.js
2023-05-09 02:47:00 [Debug] path: /favicon.ico
2023-05-09 02:47:00 [Debug] path: /js/site.js
2023-05-09 02:47:00 [Debug] path: /favicon.ico
2023-05-09 02:47:00 [Debug] path: /js/site.js
2023-05-09 02:47:00 [Debug] path: /favicon.ico
2023-05-09 02:47:00 [Debug] path: /js/site.js
2023-05-09 02:47:00 [Debug] path: /favicon.ico
2023-05-09 02:47:01 [Debug] path: /js/site.js
2023-05-09 02:47:01 [Debug] path: /favicon.ico
2023-05-09 02:47:01 [Debug] path: /js/site.js
2023-05-09 02:47:01 [Debug] path: /favicon.ico
2023-05-09 02:47:01 [Debug] path: /js/site.js
2023-05-09 02:47:01 [Debug] path: /favicon.ico
2023-05-09 02:47:01 [Debug] path: /favicon.ico
2023-05-09 02:47:22 [Debug] path: /Task
2023-05-09 02:47:36 [Debug] path: /Task/3
2023-05-09 02:47:39 [Debug] path: /Task
2023-05-09 02:47:47 [Debug] path: /Task/6
2023-05-09 02:48:00 [Debug] path: /Task/6
2023-05-09 02:48:07 [Debug] path: /Task/6
2023-05-09 02:52:17 [Debug] path: /Task
2023-05-09 02:52:29 [Debug] path: /User/Login
2023-05-09 02:52:36 [Debug] path: /Task
2023-05-09 02:52:46 [Debug] path: /Task/6
2023-05-09 02:55:25 [Debug] path: /Task
2023-05-09 02:55:33 [Debug] path: /Task
2023-05-09 02:55:40 [Debug] path: /Task/6
2023-05-09 02:56:27 [Debug] path: /Task
2023-05-09 02:56:33 [Debug] path: /User/Login
2023-05-09 02:56:38 [Debug] path: /Task
2023-05-09 02:56:48 [Debug] path: /Task/6
2023-05-09 02:57:31 [Debug] path: /Task
2023-05-09 02:57:38 [Debug] path: /Task/6
2023-05-09 02:58:04 [Debug] path: /Task
2023-05-09 02:58:09 [Debug] path: /Task/6
2023-05-09 02:58:16 [Debug] path: /Task/6
2023-05-09 03:00:25 [Debug] path: /Task
2023-05-09 03:00:30 [Debug] path: /Task/6
2023-05-09 03:00:52 [Debug] path: /Task
2023-05-09 03:00:58 [Debug] path: /Task/6
2023-05-09 03:03:40 [Debug] path: /Task
2023-05-09 03:03:47 [Debug] path: /Task/6
2023-05-09 03:04:14 [Debug] path: /Task
2023-05-09 03:04:20 [Debug] path: /Task/6
2023-05-09 03:05:21 [Debug] path: /Task
2023-05-09 03:05:28 [Debug] path: /Task/6
2023-05-09 03:05:54 [Debug] path: /Task
2023-05-09 03:06:00 [Debug] path: /Task/6
2023-05-09 03:07:56 [Debug] path: /Task
2023-05-09 03:08:07 [Debug] path: /Task/8
2023-05-09 03:08:29 [Debug] path: /Task
2023-05-09 03:09:25 [Debug] path: /Task
2023-05-09 03:09:52 [Debug] path: /Task/8
2023-05-09 03:10:09 [Debug] path: /Task
2023-05-09 03:10:11 [Debug] path: /favicon.ico
2023-05-09 03:10:16 [Debug] path: /Task
2023-05-09 03:10:20 [Debug] path: /Task
2023-05-09 03:10:30 [Debug] path: /Task/9
2023-05-09 03:10:33 [Debug] path: /Task
2023-05-09 03:10:57 [Debug] path: /Task/8
2023-05-09 03:11:01 [Debug] path: /Task
2023-05-09 03:11:32 [Debug] path: /Task
2023-05-09 03:11:55 [Debug] path: /User/Login
2023-05-09 03:12:25 [Debug] path: /favicon.ico
2023-05-09 03:14:02 [Debug] path: /User/Login
2023-05-09 03:16:57 [Debug] path: /User/Login
2023-05-09 03:17:16 [Debug] path: /favicon.ico
2023-05-09 03:19:02 [Debug] path: /User/Login
2023-05-09 03:20:32 [Debug] path: /User/Login
2023-05-09 03:20:50 [Debug] path: /favicon.ico
2023-05-09 03:21:00 [Debug] path: /User/Login
2023-05-09 03:21:04 [Debug] path: /User
2023-05-09 03:22:12 [Debug] path: /User
2023-05-09 03:22:33 [Debug] path: /User
2023-05-09 03:22:36 [Debug] path: /User
2023-05-09 03:23:43 [Debug] path: /User
2023-05-09 03:23:44 [Debug] path: /User
2023-05-09 03:27:04 [Debug] path: /User
2023-05-09 03:27:32 [Debug] path: /User
2023-05-09 03:27:39 [Debug] path: /User
2023-05-09 03:27:39 [Debug] path: /favicon.ico
2023-05-09 03:27:39 [Debug] path: /User
2023-05-09 03:27:39 [Debug] path: /favicon.ico
2023-05-09 03:27:39 [Debug] path: /User
2023-05-09 03:27:39 [Debug] path: /favicon.ico
2023-05-09 03:27:39 [Debug] path: /User
2023-05-09 03:27:39 [Debug] path: /favicon.ico
2023-05-09 03:27:41 [Debug] path: /User
2023-05-09 03:27:41 [Debug] path: /favicon.ico
2023-05-09 03:27:44 [Debug] path: /User
2023-05-09 03:27:44 [Debug] path: /favicon.ico
2023-05-09 03:28:01 [Debug] path: /User
2023-05-09 03:28:08 [Debug] path: /User
2023-05-09 03:28:20 [Debug] path: /User
2023-05-09 03:28:22 [Debug] path: /User
2023-05-09 03:28:22 [Debug] path: /User
2023-05-09 03:28:22 [Debug] path: /User
2023-05-09 03:28:56 [Debug] path: /User
2023-05-09 03:28:59 [Debug] path: /User
2023-05-09 03:29:00 [Debug] path: /User
2023-05-09 03:29:14 [Debug] path: /User
2023-05-09 03:29:14 [Debug] path: /User
2023-05-09 03:29:15 [Debug] path: /User
2023-05-09 03:29:15 [Debug] path: /User
2023-05-09 03:29:15 [Debug] path: /User
2023-05-09 03:29:15 [Debug] path: /User
2023-05-09 03:30:02 [Debug] path: /User
2023-05-09 03:30:04 [Debug] path: /User
2023-05-09 03:30:58 [Debug] path: /User
2023-05-09 03:31:00 [Debug] path: /User
2023-05-09 03:31:24 [Debug] path: /User
2023-05-09 03:31:26 [Debug] path: /User
2023-05-09 03:33:06 [Debug] path: /User
2023-05-09 03:33:07 [Debug] path: /User/Post
2023-05-09 03:33:37 [Debug] path: /User
2023-05-09 03:33:41 [Debug] path: /User/Post
2023-05-09 03:33:56 [Debug] path: /User
2023-05-09 03:34:00 [Debug] path: /User/Post
2023-05-09 03:35:25 [Debug] path: /User/Login
2023-05-09 03:35:29 [Debug] path: /User
2023-05-09 03:35:32 [Debug] path: /User/Post
2023-05-09 03:35:38 [Debug] path: /User
2023-05-09 03:35:49 [Debug] path: /User/2
2023-05-09 03:35:51 [Debug] path: /User
2023-05-09 03:36:40 [Debug] path: /User
2023-05-09 03:36:53 [Debug] path: /User/7
2023-05-09 03:37:32 [Debug] path: /User/Login
2023-05-09 03:38:13 [Debug] path: /User/Login
2023-05-09 03:38:33 [Debug] path: /User
2023-05-09 03:39:08 [Debug] path: /User/%7Bid%7D
2023-05-09 03:40:41 [Debug] path: /User
2023-05-09 03:40:45 [Debug] path: /User
2023-05-09 03:41:17 [Debug] path: /User
2023-05-09 03:41:18 [Debug] path: /User/Post
2023-05-09 03:41:21 [Debug] path: /User
2023-05-09 03:41:31 [Debug] path: /User/8
2023-05-09 03:41:32 [Debug] path: /User
2023-05-09 03:42:52 [Debug] path: /User
2023-05-09 03:43:01 [Debug] path: /User/7
2023-05-09 03:43:02 [Debug] path: /User
2023-05-09 03:43:14 [Debug] path: /User/7
2023-05-09 03:43:16 [Debug] path: /User
2023-05-09 03:44:40 [Debug] path: /User
2023-05-09 03:44:50 [Debug] path: /User/8
2023-05-09 03:44:51 [Debug] path: /User
2023-05-09 03:46:23 [Debug] path: /User
2023-05-09 03:46:31 [Debug] path: /User/8
2023-05-09 03:46:33 [Debug] path: /User
2023-05-09 03:46:56 [Debug] path: /User
2023-05-09 03:47:04 [Debug] path: /User/8
2023-05-09 03:47:06 [Debug] path: /User
2023-05-09 03:47:45 [Debug] path: /User
2023-05-09 03:47:51 [Debug] path: /User/8
2023-05-09 03:47:53 [Debug] path: /User
2023-05-09 03:49:58 [Debug] path: /User
2023-05-09 03:50:24 [Debug] path: /User/8
2023-05-09 03:50:37 [Debug] path: /User
2023-05-09 04:27:04 [Debug] path: /User/Login
2023-05-09 04:28:04 [Debug] path: /User/Login
2023-05-09 04:28:43 [Debug] path: /User/Login
2023-05-09 04:29:52 [Debug] path: /User/Login
2023-05-09 04:30:29 [Debug] path: /User/Login
2023-05-09 04:31:03 [Debug] path: /User/Login
2023-05-09 04:32:17 [Debug] path: /User/Login
2023-05-09 04:34:22 [Debug] path: /User/Login
2023-05-09 04:36:26 [Debug] path: /User/Login
2023-05-09 04:38:46 [Debug] path: /User/Login
2023-05-09 04:39:21 [Debug] path: /User/Login
2023-05-09 04:40:56 [Debug] path: /User/Login
2023-05-09 04:41:46 [Debug] path: /User/Login
2023-05-09 04:41:54 [Debug] path: /User/Login
2023-05-09 04:41:59 [Debug] path: /User/Login
2023-05-09 04:43:31 [Debug] path: /User/Login
2023-05-09 04:44:17 [Debug] path: /User/Login
2023-05-09 04:44:23 [Debug] path: /User/Login
2023-05-09 04:45:11 [Debug] path: /User/Login
2023-05-09 04:45:25 [Debug] path: /User/Login
2023-05-09 04:46:03 [Debug] path: /User/Login
2023-05-09 04:46:52 [Debug] path: /User/Login
2023-05-09 04:48:52 [Debug] path: /User/Login
2023-05-09 04:50:10 [Debug] path: /User/Login
2023-05-29 09:18:18 [Debug] path: /favicon.ico
2023-05-29 09:18:28 [Debug] path: /User/Login
2023-05-29 09:19:07 [Debug] path: /User/Login
2023-05-29 09:19:35 [Debug] path: /User/Login
2023-05-29 09:23:05 [Debug] path: /User/Login
2023-05-29 09:23:46 [Debug] path: /favicon.ico
2023-05-29 09:23:59 [Debug] path: /User/Login
2023-05-29 09:25:32 [Debug] path: /User/Login
2023-05-29 09:26:43 [Debug] path: /User/Login
2023-05-29 09:28:44 [Debug] path: /User/Login
2023-05-29 09:29:26 [Debug] path: /User/Login
2023-05-29 09:30:51 [Debug] path: /User/Login
2023-05-29 09:31:22 [Debug] path: /User/Login
2023-05-29 09:32:06 [Debug] path: /User/Login
2023-05-29 09:33:52 [Debug] path: /User/Login
2023-05-29 09:35:20 [Debug] path: /User/Login
2023-05-29 09:35:48 [Debug] path: /User/Login
2023-05-29 09:37:53 [Debug] path: /User/Login
2023-05-29 09:40:43 [Debug] path: /User/Login
2023-05-29 09:40:47 [Debug] path: /User/Login
2023-05-29 09:40:50 [Debug] path: /User/Login
2023-05-29 09:40:53 [Debug] path: /User/Login
2023-05-29 09:40:58 [Debug] path: /User/Login
2023-05-29 09:41:30 [Debug] path: /User/Login
2023-05-29 09:41:33 [Debug] path: /User/Login
2023-05-29 09:44:10 [Debug] path: /User/Login
2023-05-29 09:44:15 [Debug] path: /User/Login
2023-05-29 09:45:09 [Debug] path: /User/Login
2023-05-29 09:45:34 [Debug] path: /Task
2023-05-29 09:46:08 [Debug] path: /User/Login
2023-05-29 09:47:35 [Debug] path: /User/Login
2023-05-29 09:48:23 [Debug] path: /User/Login
2023-05-29 09:49:25 [Debug] path: /User/Login
2023-05-29 09:50:19 [Debug] path: /User/Login
2023-05-29 09:51:14 [Debug] path: /User/Login
2023-05-29 09:52:07 [Debug] path: /User/Login
2023-05-29 09:54:17 [Debug] path: /User/Login
2023-05-29 09:55:04 [Debug] path: /User/Login
2023-05-29 10:00:02 [Debug] path: /User/Login
2023-06-01 06:54:32 [Debug] path: /favicon.ico
2023-06-01 06:54:38 [Debug] path: /favicon.ico
2023-06-01 06:54:50 [Debug] path: /User/Login
2023-06-01 06:56:02 [Debug] path: /User/Login
2023-06-01 06:56:37 [Debug] path: /User/Login
2023-06-01 06:57:20 [Debug] path: /favicon.ico
2023-06-01 06:57:20 [Debug] path: /favicon.ico
2023-06-01 06:57:21 [Debug] path: /favicon.ico
2023-06-01 06:57:22 [Debug] path: /favicon.ico
2023-06-01 06:57:24 [Debug] path: /favicon.ico
2023-06-01 06:57:24 [Debug] path: /favicon.ico
2023-06-01 06:57:25 [Debug] path: /favicon.ico
2023-06-01 06:57:25 [Debug] path: /favicon.ico
2023-06-01 06:57:36 [Debug] path: /User/Login
2023-06-01 06:58:23 [Debug] path: /favicon.ico
2023-06-01 06:58:24 [Debug] path: /favicon.ico
2023-06-01 06:58:25 [Debug] path: /favicon.ico
2023-06-01 06:58:31 [Debug] path: /User/Login
2023-06-01 06:59:34 [Debug] path: /favicon.ico
2023-06-01 06:59:40 [Debug] path: /User/Login
2023-06-01 07:00:23 [Debug] path: /favicon.ico
2023-06-01 07:00:28 [Debug] path: /User/Login
2023-06-01 07:01:21 [Debug] path: /favicon.ico
2023-06-01 07:01:27 [Debug] path: /User/Login
2023-06-01 07:01:43 [Debug] path: /favicon.ico
2023-06-01 07:01:49 [Debug] path: /User/Login
2023-06-01 07:02:50 [Debug] path: /favicon.ico
2023-06-01 07:02:56 [Debug] path: /User/Login
2023-06-01 07:03:27 [Debug] path: /favicon.ico
2023-06-01 07:03:33 [Debug] path: /User/Login
2023-06-01 07:04:23 [Debug] path: /favicon.ico
2023-06-01 07:05:01 [Debug] path: /User/Login
2023-06-01 07:05:55 [Debug] path: /favicon.ico
2023-06-01 07:06:06 [Debug] path: /User/Login
2023-06-01 07:07:20 [Debug] path: /favicon.ico
2023-06-01 07:07:27 [Debug] path: /User/Login
2023-06-01 07:08:19 [Debug] path: /User/Login
2023-06-01 07:09:13 [Debug] path: /favicon.ico
2023-06-01 07:09:14 [Debug] path: /favicon.ico
2023-06-01 07:09:21 [Debug] path: /User/Login
2023-06-01 07:09:51 [Debug] path: /favicon.ico
2023-06-01 07:09:52 [Debug] path: /favicon.ico
2023-06-01 07:09:58 [Debug] path: /User/Login
2023-06-01 07:58:00 [Debug] path: /favicon.ico
2023-06-01 07:58:01 [Debug] path: /favicon.ico
2023-06-01 07:58:03 [Debug] path: /favicon.ico
2023-06-01 07:58:10 [Debug] path: /User/Login
2023-06-01 07:58:53 [Debug] path: /favicon.ico
2023-06-01 07:58:54 [Debug] path: /favicon.ico
2023-06-01 07:59:00 [Debug] path: /User/Login
2023-06-01 07:59:47 [Debug] path: /favicon.ico
2023-06-01 07:59:53 [Debug] path: /User/Login
2023-06-01 08:00:57 [Debug] path: /favicon.ico
2023-06-01 08:00:57 [Debug] path: /favicon.ico
2023-06-01 08:00:58 [Debug] path: /favicon.ico
2023-06-01 08:01:03 [Debug] path: /User/Login
2023-06-01 08:02:29 [Debug] path: /favicon.ico
2023-06-01 08:02:30 [Debug] path: /favicon.ico
2023-06-01 08:02:36 [Debug] path: /User/Login
2023-06-01 08:03:51 [Debug] path: /favicon.ico
2023-06-01 08:03:51 [Debug] path: /favicon.ico
2023-06-01 08:03:57 [Debug] path: /User/Login
2023-06-01 08:04:36 [Debug] path: /favicon.ico
2023-06-01 08:04:36 [Debug] path: /favicon.ico
2023-06-01 08:04:41 [Debug] path: /User/Login
2023-06-01 08:05:34 [Debug] path: /favicon.ico
2023-06-01 08:05:39 [Debug] path: /favicon.ico
2023-06-01 08:05:39 [Debug] path: /favicon.ico
2023-06-01 08:05:48 [Debug] path: /User/Login
2023-06-01 08:06:18 [Debug] path: /favicon.ico
2023-06-01 08:06:19 [Debug] path: /favicon.ico
2023-06-01 08:06:24 [Debug] path: /User/Login
2023-06-01 08:06:56 [Debug] path: /favicon.ico
2023-06-01 08:06:57 [Debug] path: /favicon.ico
2023-06-01 08:07:02 [Debug] path: /User/Login
2023-06-01 08:08:07 [Debug] path: /favicon.ico
2023-06-01 08:08:12 [Debug] path: /User/Login
2023-06-01 08:09:34 [Debug] path: /favicon.ico
2023-06-01 08:09:34 [Debug] path: /favicon.ico
2023-06-01 08:09:34 [Debug] path: /favicon.ico
2023-06-01 08:10:40 [Debug] path: /User/Login
2023-06-01 08:12:08 [Debug] path: /User/Login
2023-06-01 08:12:46 [Debug] path: /User/Login
2023-06-01 08:13:20 [Debug] path: /favicon.ico
2023-06-01 08:13:20 [Debug] path: /favicon.ico
2023-06-01 08:13:25 [Debug] path: /User/Login
2023-06-01 08:13:54 [Debug] path: /favicon.ico
2023-06-01 08:13:55 [Debug] path: /favicon.ico
2023-06-01 08:14:00 [Debug] path: /User/Login
2023-06-01 08:14:43 [Debug] path: /favicon.ico
2023-06-01 08:14:43 [Debug] path: /favicon.ico
2023-06-01 08:14:48 [Debug] path: /User/Login
2023-06-01 08:15:33 [Debug] path: /favicon.ico
2023-06-01 08:15:38 [Debug] path: /User/Login
2023-06-01 08:15:59 [Debug] path: /favicon.ico
2023-06-01 08:16:00 [Debug] path: /favicon.ico
2023-06-01 08:16:04 [Debug] path: /User/Login
2023-06-01 08:17:05 [Debug] path: /favicon.ico
2023-06-01 08:17:10 [Debug] path: /User/Login
2023-06-01 10:38:13 [Debug] path: /favicon.ico
2023-06-01 10:38:13 [Debug] path: /favicon.ico
2023-06-01 10:38:19 [Debug] path: /User/Login
2023-06-01 10:38:21 [Debug] path: /User/Login
2023-06-01 10:38:22 [Debug] path: /User/Login
2023-06-01 10:38:23 [Debug] path: /User/Login
2023-06-01 10:38:23 [Debug] path: /User/Login
2023-06-01 10:38:23 [Debug] path: /User/Login
2023-06-01 10:38:23 [Debug] path: /User/Login
2023-06-01 10:38:24 [Debug] path: /User/Login
2023-06-01 10:38:24 [Debug] path: /User/Login
2023-06-01 10:38:24 [Debug] path: /User/Login
2023-06-01 10:38:24 [Debug] path: /User/Login
2023-06-01 10:38:24 [Debug] path: /User/Login
2023-06-01 10:38:25 [Debug] path: /User/Login
2023-06-01 10:38:25 [Debug] path: /User/Login
2023-06-01 10:38:28 [Debug] path: /User/Login
2023-06-01 10:40:57 [Debug] path: /favicon.ico
2023-06-01 10:41:43 [Debug] path: /User/Login
2023-06-01 10:41:45 [Debug] path: /User/Login
2023-06-01 10:41:45 [Debug] path: /User/Login
2023-06-01 10:41:46 [Debug] path: /User/Login
2023-06-01 10:41:46 [Debug] path: /User/Login
2023-06-01 10:41:46 [Debug] path: /User/Login
2023-06-01 10:41:47 [Debug] path: /User/Login
2023-06-01 10:41:47 [Debug] path: /User/Login
2023-06-01 10:42:07 [Debug] path: /favicon.ico
2023-06-01 10:42:11 [Debug] path: /favicon.ico
2023-06-01 10:42:17 [Debug] path: /User/Login
2023-06-01 10:42:52 [Debug] path: /User/Login
2023-06-01 10:44:06 [Debug] path: /favicon.ico
2023-06-01 10:44:18 [Debug] path: /favicon.ico
2023-06-01 10:44:24 [Debug] path: /User/Login
2023-06-01 10:45:04 [Debug] path: /favicon.ico
2023-06-01 10:45:08 [Debug] path: /favicon.ico
2023-06-01 10:45:16 [Debug] path: /User/Login
2023-06-01 10:45:36 [Debug] path: /favicon.ico
2023-06-01 10:45:53 [Debug] path: /favicon.ico
2023-06-01 10:46:01 [Debug] path: /User/Login
2023-06-01 10:46:14 [Debug] path: /favicon.ico
2023-06-01 10:46:17 [Debug] path: /favicon.ico
2023-06-01 10:46:24 [Debug] path: /User/Login
2023-06-01 10:47:31 [Debug] path: /favicon.ico
2023-06-01 10:47:40 [Debug] path: /favicon.ico
2023-06-01 10:47:45 [Debug] path: /User/Login
2023-06-01 10:47:47 [Debug] path: /User/Login
2023-06-02 08:47:51 [Debug] path: /favicon.ico
2023-06-02 08:48:09 [Debug] path: /User/Login
2023-06-02 08:52:15 [Debug] path: /favicon.ico
2023-06-02 08:52:22 [Debug] path: /User/Login
2023-06-02 08:52:47 [Debug] path: /favicon.ico
2023-06-02 08:52:52 [Debug] path: /User/Login
2023-06-02 08:53:14 [Debug] path: /favicon.ico
2023-06-02 08:57:08 [Debug] path: /favicon.ico
2023-06-02 08:57:09 [Debug] path: /favicon.ico
2023-06-02 08:57:14 [Debug] path: /User/Login
2023-06-02 08:57:43 [Debug] path: /favicon.ico
2023-06-02 08:57:49 [Debug] path: /User/Login
2023-06-02 08:58:42 [Debug] path: /favicon.ico
2023-06-02 08:59:39 [Debug] path: /User/Login
2023-06-02 09:00:28 [Debug] path: /favicon.ico
2023-06-02 09:00:35 [Debug] path: /User/Login
2023-06-02 09:02:14 [Debug] path: /favicon.ico
2023-06-02 09:02:20 [Debug] path: /User/Login
